Analysis & Elaboration report for FPGAController
Mon May 26 23:21:16 2025
Quartus Prime Version 22.1std.0 Build 915 10/25/2022 SC Lite Edition


---------------------
; Table of Contents ;
---------------------
  1. Legal Notice
  2. Analysis & Elaboration Summary
  3. Parallel Compilation
  4. Analysis & Elaboration Settings
  5. Port Connectivity Checks: "alu_structural:u_alu|multi:u_mul|fulladder:fa6a"
  6. Port Connectivity Checks: "alu_structural:u_alu|multi:u_mul|fulladder:fa5c"
  7. Port Connectivity Checks: "alu_structural:u_alu|multi:u_mul|fulladder:fa5a"
  8. Port Connectivity Checks: "alu_structural:u_alu|multi:u_mul|fulladder:fa4c"
  9. Port Connectivity Checks: "alu_structural:u_alu|multi:u_mul|fulladder:fa4a"
 10. Port Connectivity Checks: "alu_structural:u_alu|multi:u_mul|fulladder:fa3a"
 11. Port Connectivity Checks: "alu_structural:u_alu|multi:u_mul|fulladder:fa2a"
 12. Port Connectivity Checks: "alu_structural:u_alu|multi:u_mul|fulladder:fa1"
 13. Port Connectivity Checks: "alu_structural:u_alu|resta:u_sub|fulladder:inst_adder4"
 14. Port Connectivity Checks: "alu_structural:u_alu|resta:u_sub|fulladder:inst_adder1"
 15. Port Connectivity Checks: "alu_structural:u_alu"
 16. Port Connectivity Checks: "Spi_slave_module:spi_unit"
 17. Analysis & Elaboration Messages



----------------
; Legal Notice ;
----------------
Copyright (C) 2022  Intel Corporation. All rights reserved.
Your use of Intel Corporation's design tools, logic functions 
and other software and tools, and any partner logic 
functions, and any output files from any of the foregoing 
(including device programming or simulation files), and any 
associated documentation or information are expressly subject 
to the terms and conditions of the Intel Program License 
Subscription Agreement, the Intel Quartus Prime License Agreement,
the Intel FPGA IP License Agreement, or other applicable license
agreement, including, without limitation, that your use is for
the sole purpose of programming logic devices manufactured by
Intel and sold by Intel or its authorized distributors.  Please
refer to the applicable agreement for further details, at
https://fpgasoftware.intel.com/eula.



+--------------------------------------------------------------------------------+
; Analysis & Elaboration Summary                                                 ;
+-------------------------------+------------------------------------------------+
; Analysis & Elaboration Status ; Successful - Mon May 26 23:21:16 2025          ;
; Quartus Prime Version         ; 22.1std.0 Build 915 10/25/2022 SC Lite Edition ;
; Revision Name                 ; FPGAController                                 ;
; Top-level Entity Name         ; FpgaController                                 ;
; Family                        ; Cyclone V                                      ;
; Logic utilization (in ALMs)   ; N/A until Partition Merge                      ;
; Total registers               ; N/A until Partition Merge                      ;
; Total pins                    ; N/A until Partition Merge                      ;
; Total virtual pins            ; N/A until Partition Merge                      ;
; Total block memory bits       ; N/A until Partition Merge                      ;
; Total PLLs                    ; N/A until Partition Merge                      ;
; Total DLLs                    ; N/A until Partition Merge                      ;
+-------------------------------+------------------------------------------------+


+------------------------------------------+
; Parallel Compilation                     ;
+----------------------------+-------------+
; Processors                 ; Number      ;
+----------------------------+-------------+
; Number detected on machine ; 16          ;
; Maximum allowed            ; 16          ;
;                            ;             ;
; Average used               ; 1.00        ;
; Maximum used               ; 1           ;
;                            ;             ;
; Usage by Processor         ; % Time Used ;
;     Processor 1            ; 100.0%      ;
+----------------------------+-------------+


+---------------------------------------------------------------------------------------------------------------------------+
; Analysis & Elaboration Settings                                                                                           ;
+---------------------------------------------------------------------------------+--------------------+--------------------+
; Option                                                                          ; Setting            ; Default Value      ;
+---------------------------------------------------------------------------------+--------------------+--------------------+
; Device                                                                          ; 5CSXFC6D6F31C6     ;                    ;
; Top-level entity name                                                           ; FpgaController     ; FPGAController     ;
; Family name                                                                     ; Cyclone V          ; Cyclone V          ;
; Use smart compilation                                                           ; Off                ; Off                ;
; Enable parallel Assembler and Timing Analyzer during compilation                ; On                 ; On                 ;
; Enable compact report table                                                     ; Off                ; Off                ;
; Restructure Multiplexers                                                        ; Auto               ; Auto               ;
; MLAB Add Timing Constraints For Mixed-Port Feed-Through Mode Setting Don't Care ; Off                ; Off                ;
; Create Debugging Nodes for IP Cores                                             ; Off                ; Off                ;
; Preserve fewer node names                                                       ; On                 ; On                 ;
; Intel FPGA IP Evaluation Mode                                                   ; Enable             ; Enable             ;
; Verilog Version                                                                 ; Verilog_2001       ; Verilog_2001       ;
; VHDL Version                                                                    ; VHDL_1993          ; VHDL_1993          ;
; State Machine Processing                                                        ; Auto               ; Auto               ;
; Safe State Machine                                                              ; Off                ; Off                ;
; Extract Verilog State Machines                                                  ; On                 ; On                 ;
; Extract VHDL State Machines                                                     ; On                 ; On                 ;
; Ignore Verilog initial constructs                                               ; Off                ; Off                ;
; Iteration limit for constant Verilog loops                                      ; 5000               ; 5000               ;
; Iteration limit for non-constant Verilog loops                                  ; 250                ; 250                ;
; Add Pass-Through Logic to Inferred RAMs                                         ; On                 ; On                 ;
; Infer RAMs from Raw Logic                                                       ; On                 ; On                 ;
; Parallel Synthesis                                                              ; On                 ; On                 ;
; DSP Block Balancing                                                             ; Auto               ; Auto               ;
; NOT Gate Push-Back                                                              ; On                 ; On                 ;
; Power-Up Don't Care                                                             ; On                 ; On                 ;
; Remove Redundant Logic Cells                                                    ; Off                ; Off                ;
; Remove Duplicate Registers                                                      ; On                 ; On                 ;
; Ignore CARRY Buffers                                                            ; Off                ; Off                ;
; Ignore CASCADE Buffers                                                          ; Off                ; Off                ;
; Ignore GLOBAL Buffers                                                           ; Off                ; Off                ;
; Ignore ROW GLOBAL Buffers                                                       ; Off                ; Off                ;
; Ignore LCELL Buffers                                                            ; Off                ; Off                ;
; Ignore SOFT Buffers                                                             ; On                 ; On                 ;
; Limit AHDL Integers to 32 Bits                                                  ; Off                ; Off                ;
; Optimization Technique                                                          ; Balanced           ; Balanced           ;
; Carry Chain Length                                                              ; 70                 ; 70                 ;
; Auto Carry Chains                                                               ; On                 ; On                 ;
; Auto Open-Drain Pins                                                            ; On                 ; On                 ;
; Perform WYSIWYG Primitive Resynthesis                                           ; Off                ; Off                ;
; Auto ROM Replacement                                                            ; On                 ; On                 ;
; Auto RAM Replacement                                                            ; On                 ; On                 ;
; Auto DSP Block Replacement                                                      ; On                 ; On                 ;
; Auto Shift Register Replacement                                                 ; Auto               ; Auto               ;
; Allow Shift Register Merging across Hierarchies                                 ; Auto               ; Auto               ;
; Auto Clock Enable Replacement                                                   ; On                 ; On                 ;
; Strict RAM Replacement                                                          ; Off                ; Off                ;
; Allow Synchronous Control Signals                                               ; On                 ; On                 ;
; Force Use of Synchronous Clear Signals                                          ; Off                ; Off                ;
; Auto Resource Sharing                                                           ; Off                ; Off                ;
; Allow Any RAM Size For Recognition                                              ; Off                ; Off                ;
; Allow Any ROM Size For Recognition                                              ; Off                ; Off                ;
; Allow Any Shift Register Size For Recognition                                   ; Off                ; Off                ;
; Use LogicLock Constraints during Resource Balancing                             ; On                 ; On                 ;
; Ignore translate_off and synthesis_off directives                               ; Off                ; Off                ;
; Timing-Driven Synthesis                                                         ; On                 ; On                 ;
; Report Parameter Settings                                                       ; On                 ; On                 ;
; Report Source Assignments                                                       ; On                 ; On                 ;
; Report Connectivity Checks                                                      ; On                 ; On                 ;
; Ignore Maximum Fan-Out Assignments                                              ; Off                ; Off                ;
; Synchronization Register Chain Length                                           ; 3                  ; 3                  ;
; Power Optimization During Synthesis                                             ; Normal compilation ; Normal compilation ;
; HDL message level                                                               ; Level2             ; Level2             ;
; Suppress Register Optimization Related Messages                                 ; Off                ; Off                ;
; Number of Removed Registers Reported in Synthesis Report                        ; 5000               ; 5000               ;
; Number of Swept Nodes Reported in Synthesis Report                              ; 5000               ; 5000               ;
; Number of Inverted Registers Reported in Synthesis Report                       ; 100                ; 100                ;
; Clock MUX Protection                                                            ; On                 ; On                 ;
; Auto Gated Clock Conversion                                                     ; Off                ; Off                ;
; Block Design Naming                                                             ; Auto               ; Auto               ;
; SDC constraint protection                                                       ; Off                ; Off                ;
; Synthesis Effort                                                                ; Auto               ; Auto               ;
; Shift Register Replacement - Allow Asynchronous Clear Signal                    ; On                 ; On                 ;
; Pre-Mapping Resynthesis Optimization                                            ; Off                ; Off                ;
; Analysis & Synthesis Message Level                                              ; Medium             ; Medium             ;
; Disable Register Merging Across Hierarchies                                     ; Auto               ; Auto               ;
; Resource Aware Inference For Block RAM                                          ; On                 ; On                 ;
; Automatic Parallel Synthesis                                                    ; On                 ; On                 ;
; Partial Reconfiguration Bitstream ID                                            ; Off                ; Off                ;
+---------------------------------------------------------------------------------+--------------------+--------------------+


+----------------------------------------------------------------------------------------------------------------+
; Port Connectivity Checks: "alu_structural:u_alu|multi:u_mul|fulladder:fa6a"                                    ;
+------+--------+----------+-------------------------------------------------------------------------------------+
; Port ; Type   ; Severity ; Details                                                                             ;
+------+--------+----------+-------------------------------------------------------------------------------------+
; S    ; Output ; Info     ; Connected to dangling logic. Logic that only feeds a dangling port will be removed. ;
; Cout ; Output ; Info     ; Connected to dangling logic. Logic that only feeds a dangling port will be removed. ;
+------+--------+----------+-------------------------------------------------------------------------------------+


+----------------------------------------------------------------------------------------------------------------+
; Port Connectivity Checks: "alu_structural:u_alu|multi:u_mul|fulladder:fa5c"                                    ;
+------+--------+----------+-------------------------------------------------------------------------------------+
; Port ; Type   ; Severity ; Details                                                                             ;
+------+--------+----------+-------------------------------------------------------------------------------------+
; S    ; Output ; Info     ; Connected to dangling logic. Logic that only feeds a dangling port will be removed. ;
+------+--------+----------+-------------------------------------------------------------------------------------+


+-----------------------------------------------------------------------------+
; Port Connectivity Checks: "alu_structural:u_alu|multi:u_mul|fulladder:fa5a" ;
+------+-------+----------+---------------------------------------------------+
; Port ; Type  ; Severity ; Details                                           ;
+------+-------+----------+---------------------------------------------------+
; Cin  ; Input ; Info     ; Stuck at GND                                      ;
+------+-------+----------+---------------------------------------------------+


+----------------------------------------------------------------------------------------------------------------+
; Port Connectivity Checks: "alu_structural:u_alu|multi:u_mul|fulladder:fa4c"                                    ;
+------+--------+----------+-------------------------------------------------------------------------------------+
; Port ; Type   ; Severity ; Details                                                                             ;
+------+--------+----------+-------------------------------------------------------------------------------------+
; S    ; Output ; Info     ; Connected to dangling logic. Logic that only feeds a dangling port will be removed. ;
+------+--------+----------+-------------------------------------------------------------------------------------+


+-----------------------------------------------------------------------------+
; Port Connectivity Checks: "alu_structural:u_alu|multi:u_mul|fulladder:fa4a" ;
+------+-------+----------+---------------------------------------------------+
; Port ; Type  ; Severity ; Details                                           ;
+------+-------+----------+---------------------------------------------------+
; Cin  ; Input ; Info     ; Stuck at GND                                      ;
+------+-------+----------+---------------------------------------------------+


+-----------------------------------------------------------------------------+
; Port Connectivity Checks: "alu_structural:u_alu|multi:u_mul|fulladder:fa3a" ;
+------+-------+----------+---------------------------------------------------+
; Port ; Type  ; Severity ; Details                                           ;
+------+-------+----------+---------------------------------------------------+
; Cin  ; Input ; Info     ; Stuck at GND                                      ;
+------+-------+----------+---------------------------------------------------+


+-----------------------------------------------------------------------------+
; Port Connectivity Checks: "alu_structural:u_alu|multi:u_mul|fulladder:fa2a" ;
+------+-------+----------+---------------------------------------------------+
; Port ; Type  ; Severity ; Details                                           ;
+------+-------+----------+---------------------------------------------------+
; Cin  ; Input ; Info     ; Stuck at GND                                      ;
+------+-------+----------+---------------------------------------------------+


+----------------------------------------------------------------------------+
; Port Connectivity Checks: "alu_structural:u_alu|multi:u_mul|fulladder:fa1" ;
+------+-------+----------+--------------------------------------------------+
; Port ; Type  ; Severity ; Details                                          ;
+------+-------+----------+--------------------------------------------------+
; Cin  ; Input ; Info     ; Stuck at GND                                     ;
+------+-------+----------+--------------------------------------------------+


+----------------------------------------------------------------------------------------------------------------+
; Port Connectivity Checks: "alu_structural:u_alu|resta:u_sub|fulladder:inst_adder4"                             ;
+------+--------+----------+-------------------------------------------------------------------------------------+
; Port ; Type   ; Severity ; Details                                                                             ;
+------+--------+----------+-------------------------------------------------------------------------------------+
; Cout ; Output ; Info     ; Connected to dangling logic. Logic that only feeds a dangling port will be removed. ;
+------+--------+----------+-------------------------------------------------------------------------------------+


+------------------------------------------------------------------------------------+
; Port Connectivity Checks: "alu_structural:u_alu|resta:u_sub|fulladder:inst_adder1" ;
+------+-------+----------+----------------------------------------------------------+
; Port ; Type  ; Severity ; Details                                                  ;
+------+-------+----------+----------------------------------------------------------+
; Cin  ; Input ; Info     ; Stuck at VCC                                             ;
+------+-------+----------+----------------------------------------------------------+


+--------------------------------------------------+
; Port Connectivity Checks: "alu_structural:u_alu" ;
+---------+-------+----------+---------------------+
; Port    ; Type  ; Severity ; Details             ;
+---------+-------+----------+---------------------+
; A[3..2] ; Input ; Info     ; Stuck at GND        ;
; B[3..2] ; Input ; Info     ; Stuck at GND        ;
+---------+-------+----------+---------------------+


+------------------------------------------------------------------------------------------------------------------------------+
; Port Connectivity Checks: "Spi_slave_module:spi_unit"                                                                        ;
+--------------------+--------+----------+-------------------------------------------------------------------------------------+
; Port               ; Type   ; Severity ; Details                                                                             ;
+--------------------+--------+----------+-------------------------------------------------------------------------------------+
; spi_data_out       ; Output ; Info     ; Connected to dangling logic. Logic that only feeds a dangling port will be removed. ;
; spi_data_valid_out ; Output ; Info     ; Connected to dangling logic. Logic that only feeds a dangling port will be removed. ;
+--------------------+--------+----------+-------------------------------------------------------------------------------------+


+---------------------------------+
; Analysis & Elaboration Messages ;
+---------------------------------+
Info: *******************************************************************
Info: Running Quartus Prime Analysis & Elaboration
    Info: Version 22.1std.0 Build 915 10/25/2022 SC Lite Edition
    Info: Processing started: Mon May 26 23:21:10 2025
Info: Command: quartus_map --read_settings_files=on --write_settings_files=off FPGAController -c FPGAController --analysis_and_elaboration
Warning (18236): Number of processors has not been specified which may cause overloading on shared machines.  Set the global assignment NUM_PARALLEL_PROCESSORS in your QSF to an appropriate value for best performance.
Info (20030): Parallel compilation is enabled and will use 16 of the 16 processors detected
Info (12021): Found 1 design units, including 1 entities, in source file tb_alu_structural.sv
    Info (12023): Found entity 1: tb_alu_structural File: C:/Users/Xpc/Documents/GitHub/Funda_Top/Proyecto01/taller_funda/FPGAController/tb_alu_structural.sv Line: 3
Info (12021): Found 1 design units, including 1 entities, in source file mux2_1_4bits.sv
    Info (12023): Found entity 1: mux2_1_4bits File: C:/Users/Xpc/Documents/GitHub/Funda_Top/Proyecto01/taller_funda/FPGAController/mux2_1_4bits.sv Line: 1
Info (12021): Found 1 design units, including 1 entities, in source file mux2_1.sv
    Info (12023): Found entity 1: mux2_1 File: C:/Users/Xpc/Documents/GitHub/Funda_Top/Proyecto01/taller_funda/FPGAController/mux2_1.sv Line: 1
Info (12021): Found 1 design units, including 1 entities, in source file alu_structural.sv
    Info (12023): Found entity 1: alu_structural File: C:/Users/Xpc/Documents/GitHub/Funda_Top/Proyecto01/taller_funda/FPGAController/alu_structural.sv Line: 1
Info (12021): Found 1 design units, including 1 entities, in source file spi_slave_module.sv
    Info (12023): Found entity 1: Spi_slave_module File: C:/Users/Xpc/Documents/GitHub/Funda_Top/Proyecto01/taller_funda/FPGAController/Spi_slave_module.sv Line: 9
Info (12021): Found 1 design units, including 1 entities, in source file fpgacontroller.sv
    Info (12023): Found entity 1: FpgaController File: C:/Users/Xpc/Documents/GitHub/Funda_Top/Proyecto01/taller_funda/FPGAController/FpgaController.sv Line: 3
Info (12021): Found 1 design units, including 1 entities, in source file spi_slave_tb.sv
    Info (12023): Found entity 1: Spi_slave_tb File: C:/Users/Xpc/Documents/GitHub/Funda_Top/Proyecto01/taller_funda/FPGAController/Spi_slave_tb.sv Line: 3
Info (12021): Found 1 design units, including 1 entities, in source file hex_to_7seg.sv
    Info (12023): Found entity 1: hex_to_7seg File: C:/Users/Xpc/Documents/GitHub/Funda_Top/Proyecto01/taller_funda/FPGAController/hex_to_7seg.sv Line: 5
Info (12021): Found 1 design units, including 1 entities, in source file and4bits.sv
    Info (12023): Found entity 1: and4bits File: C:/Users/Xpc/Documents/GitHub/Funda_Top/Proyecto01/taller_funda/FPGAController/and4bits.sv Line: 1
Info (12021): Found 1 design units, including 1 entities, in source file fulladder.sv
    Info (12023): Found entity 1: fulladder File: C:/Users/Xpc/Documents/GitHub/Funda_Top/Proyecto01/taller_funda/FPGAController/fulladder.sv Line: 1
Info (12021): Found 1 design units, including 1 entities, in source file multi.sv
    Info (12023): Found entity 1: multi File: C:/Users/Xpc/Documents/GitHub/Funda_Top/Proyecto01/taller_funda/FPGAController/multi.sv Line: 1
Info (12021): Found 1 design units, including 1 entities, in source file resta.sv
    Info (12023): Found entity 1: resta File: C:/Users/Xpc/Documents/GitHub/Funda_Top/Proyecto01/taller_funda/FPGAController/resta.sv Line: 1
Info (12021): Found 1 design units, including 1 entities, in source file xor4bits.sv
    Info (12023): Found entity 1: xor4bits File: C:/Users/Xpc/Documents/GitHub/Funda_Top/Proyecto01/taller_funda/FPGAController/xor4bits.sv Line: 1
Info (12021): Found 1 design units, including 1 entities, in source file tb_and4bits.sv
    Info (12023): Found entity 1: tb_and4bits File: C:/Users/Xpc/Documents/GitHub/Funda_Top/Proyecto01/taller_funda/FPGAController/tb_and4bits.sv Line: 3
Info (12021): Found 1 design units, including 1 entities, in source file tb_fulladder.sv
    Info (12023): Found entity 1: tb_fulladder File: C:/Users/Xpc/Documents/GitHub/Funda_Top/Proyecto01/taller_funda/FPGAController/tb_fulladder.sv Line: 1
Info (12021): Found 1 design units, including 1 entities, in source file tb_multi.sv
    Info (12023): Found entity 1: tb_multi File: C:/Users/Xpc/Documents/GitHub/Funda_Top/Proyecto01/taller_funda/FPGAController/tb_multi.sv Line: 1
Info (12021): Found 1 design units, including 1 entities, in source file tb_resta.sv
    Info (12023): Found entity 1: tb_resta File: C:/Users/Xpc/Documents/GitHub/Funda_Top/Proyecto01/taller_funda/FPGAController/tb_resta.sv Line: 1
Info (12021): Found 1 design units, including 1 entities, in source file tb_xor4bits.sv
    Info (12023): Found entity 1: tb_xor4bits File: C:/Users/Xpc/Documents/GitHub/Funda_Top/Proyecto01/taller_funda/FPGAController/tb_xor4bits.sv Line: 3
Info (12021): Found 1 design units, including 1 entities, in source file pwm_controller.sv
    Info (12023): Found entity 1: pwm_controller File: C:/Users/Xpc/Documents/GitHub/Funda_Top/Proyecto01/taller_funda/FPGAController/pwm_controller.sv Line: 7
Info (12127): Elaborating entity "FpgaController" for the top level hierarchy
Info (12128): Elaborating entity "Spi_slave_module" for hierarchy "Spi_slave_module:spi_unit" File: C:/Users/Xpc/Documents/GitHub/Funda_Top/Proyecto01/taller_funda/FPGAController/FpgaController.sv Line: 45
Info (12128): Elaborating entity "alu_structural" for hierarchy "alu_structural:u_alu" File: C:/Users/Xpc/Documents/GitHub/Funda_Top/Proyecto01/taller_funda/FPGAController/FpgaController.sv Line: 80
Info (12128): Elaborating entity "and4bits" for hierarchy "alu_structural:u_alu|and4bits:u_and" File: C:/Users/Xpc/Documents/GitHub/Funda_Top/Proyecto01/taller_funda/FPGAController/alu_structural.sv Line: 16
Info (12128): Elaborating entity "xor4bits" for hierarchy "alu_structural:u_alu|xor4bits:u_xor" File: C:/Users/Xpc/Documents/GitHub/Funda_Top/Proyecto01/taller_funda/FPGAController/alu_structural.sv Line: 22
Info (12128): Elaborating entity "resta" for hierarchy "alu_structural:u_alu|resta:u_sub" File: C:/Users/Xpc/Documents/GitHub/Funda_Top/Proyecto01/taller_funda/FPGAController/alu_structural.sv Line: 28
Info (12128): Elaborating entity "fulladder" for hierarchy "alu_structural:u_alu|resta:u_sub|fulladder:inst_adder1" File: C:/Users/Xpc/Documents/GitHub/Funda_Top/Proyecto01/taller_funda/FPGAController/resta.sv Line: 19
Info (12128): Elaborating entity "multi" for hierarchy "alu_structural:u_alu|multi:u_mul" File: C:/Users/Xpc/Documents/GitHub/Funda_Top/Proyecto01/taller_funda/FPGAController/alu_structural.sv Line: 34
Info (12128): Elaborating entity "mux2_1_4bits" for hierarchy "alu_structural:u_alu|mux2_1_4bits:mux0" File: C:/Users/Xpc/Documents/GitHub/Funda_Top/Proyecto01/taller_funda/FPGAController/alu_structural.sv Line: 45
Info (12128): Elaborating entity "mux2_1" for hierarchy "alu_structural:u_alu|mux2_1_4bits:mux0|mux2_1:m0" File: C:/Users/Xpc/Documents/GitHub/Funda_Top/Proyecto01/taller_funda/FPGAController/mux2_1_4bits.sv Line: 7
Info (12128): Elaborating entity "hex_to_7seg" for hierarchy "hex_to_7seg:hexdec" File: C:/Users/Xpc/Documents/GitHub/Funda_Top/Proyecto01/taller_funda/FPGAController/FpgaController.sv Line: 97
Info: Quartus Prime Analysis & Elaboration was successful. 0 errors, 1 warning
    Info: Peak virtual memory: 4792 megabytes
    Info: Processing ended: Mon May 26 23:21:16 2025
    Info: Elapsed time: 00:00:06
    Info: Total CPU time (on all processors): 00:00:15


